May 03 2020 13:46:06
{"action":"ai1wm_import","ai1wm_manual_import":"1","storage":"mnq6pr00wzxs","archive":"wettoninc.com-poteckpower-20200503-131502-iyfi98.wpress","file":"1","secret_key":"ciwduXqrWt1W","priority":10}

May 03 2020 13:46:07
{"action":"ai1wm_import","ai1wm_manual_import":"1","storage":"mnq6pr00wzxs","archive":"wettoninc.com-poteckpower-20200503-131502-iyfi98.wpress","file":"1","secret_key":"ciwduXqrWt1W","priority":"50"}

May 03 2020 13:46:22
{"action":"ai1wm_import","ai1wm_manual_import":"1","storage":"mnq6pr00wzxs","archive":"wettoninc.com-poteckpower-20200503-131502-iyfi98.wpress","file":"1","secret_key":"ciwduXqrWt1W","priority":"150"}

May 03 2020 13:46:23
{"action":"ai1wm_import","ai1wm_manual_import":"1","storage":"mnq6pr00wzxs","archive":"wettoninc.com-poteckpower-20200503-131502-iyfi98.wpress","file":"1","secret_key":"ciwduXqrWt1W","priority":"200","total_files_count":6302,"total_files_size":154470974}

May 03 2020 13:46:34
{"action":"ai1wm_import","ai1wm_manual_import":"1","storage":"mnq6pr00wzxs","archive":"wettoninc.com-poteckpower-20200503-131502-iyfi98.wpress","file":"1","secret_key":"ciwduXqrWt1W","priority":"250","total_files_count":6302,"total_files_size":154470974,"archive_bytes_offset":6308460,"file_bytes_offset":0,"processed_files_size":4809875,"completed":false}

May 03 2020 13:46:45
{"action":"ai1wm_import","ai1wm_manual_import":"1","storage":"mnq6pr00wzxs","archive":"wettoninc.com-poteckpower-20200503-131502-iyfi98.wpress","file":"1","secret_key":"ciwduXqrWt1W","priority":"250","total_files_count":6302,"total_files_size":154470974,"archive_bytes_offset":16528346,"file_bytes_offset":0,"processed_files_size":12088417,"completed":false}

May 03 2020 13:46:56
{"action":"ai1wm_import","ai1wm_manual_import":"1","storage":"mnq6pr00wzxs","archive":"wettoninc.com-poteckpower-20200503-131502-iyfi98.wpress","file":"1","secret_key":"ciwduXqrWt1W","priority":"250","total_files_count":6302,"total_files_size":154470974,"archive_bytes_offset":24090665,"file_bytes_offset":0,"processed_files_size":16608721,"completed":false}

May 03 2020 13:47:07
{"action":"ai1wm_import","ai1wm_manual_import":"1","storage":"mnq6pr00wzxs","archive":"wettoninc.com-poteckpower-20200503-131502-iyfi98.wpress","file":"1","secret_key":"ciwduXqrWt1W","priority":"250","total_files_count":6302,"total_files_size":154470974,"archive_bytes_offset":29036909,"file_bytes_offset":0,"processed_files_size":18359755,"completed":false}

May 03 2020 13:47:21
{"action":"ai1wm_import","ai1wm_manual_import":"1","storage":"mnq6pr00wzxs","archive":"wettoninc.com-poteckpower-20200503-131502-iyfi98.wpress","file":"1","secret_key":"ciwduXqrWt1W","priority":"250","total_files_count":6302,"total_files_size":154470974,"archive_bytes_offset":43603447,"file_bytes_offset":0,"processed_files_size":29227728,"completed":false}

May 03 2020 13:47:32
{"action":"ai1wm_import","ai1wm_manual_import":"1","storage":"mnq6pr00wzxs","archive":"wettoninc.com-poteckpower-20200503-131502-iyfi98.wpress","file":"1","secret_key":"ciwduXqrWt1W","priority":"250","total_files_count":6302,"total_files_size":154470974,"archive_bytes_offset":84046743,"file_bytes_offset":0,"processed_files_size":66576485,"completed":false}

May 03 2020 13:47:42
{"action":"ai1wm_import","ai1wm_manual_import":"1","storage":"mnq6pr00wzxs","archive":"wettoninc.com-poteckpower-20200503-131502-iyfi98.wpress","file":"1","secret_key":"ciwduXqrWt1W","priority":"250","total_files_count":6302,"total_files_size":154470974,"archive_bytes_offset":128569910,"file_bytes_offset":0,"processed_files_size":109388245,"completed":false}

May 03 2020 13:47:54
{"action":"ai1wm_import","ai1wm_manual_import":"1","storage":"mnq6pr00wzxs","archive":"wettoninc.com-poteckpower-20200503-131502-iyfi98.wpress","file":"1","secret_key":"ciwduXqrWt1W","priority":"250","total_files_count":6302,"total_files_size":154470974,"archive_bytes_offset":152423903,"file_bytes_offset":0,"processed_files_size":131176294,"completed":false}

May 03 2020 13:48:05
{"action":"ai1wm_import","ai1wm_manual_import":"1","storage":"mnq6pr00wzxs","archive":"wettoninc.com-poteckpower-20200503-131502-iyfi98.wpress","file":"1","secret_key":"ciwduXqrWt1W","priority":"250","total_files_count":6302,"total_files_size":154470974,"archive_bytes_offset":167741045,"file_bytes_offset":0,"processed_files_size":142606660,"completed":false}

May 03 2020 13:48:10
{"action":"ai1wm_import","ai1wm_manual_import":"1","storage":"mnq6pr00wzxs","archive":"wettoninc.com-poteckpower-20200503-131502-iyfi98.wpress","file":"1","secret_key":"ciwduXqrWt1W","priority":"250"}

May 03 2020 13:48:11
{"action":"ai1wm_import","ai1wm_manual_import":"1","storage":"mnq6pr00wzxs","archive":"wettoninc.com-poteckpower-20200503-131502-iyfi98.wpress","file":"1","secret_key":"ciwduXqrWt1W","priority":"270"}

May 03 2020 13:48:22
{"action":"ai1wm_import","ai1wm_manual_import":"1","storage":"mnq6pr00wzxs","archive":"wettoninc.com-poteckpower-20200503-131502-iyfi98.wpress","file":"1","secret_key":"ciwduXqrWt1W","priority":"300","query_offset":4142528,"total_queries_size":5824244,"completed":false}

May 03 2020 13:48:29
{"action":"ai1wm_import","ai1wm_manual_import":"1","storage":"mnq6pr00wzxs","archive":"wettoninc.com-poteckpower-20200503-131502-iyfi98.wpress","file":"1","secret_key":"ciwduXqrWt1W","priority":"300"}

May 03 2020 13:48:30
{"action":"ai1wm_import","ai1wm_manual_import":"1","storage":"mnq6pr00wzxs","archive":"wettoninc.com-poteckpower-20200503-131502-iyfi98.wpress","file":"1","secret_key":"ciwduXqrWt1W","priority":"340"}

May 03 2020 13:48:30
{"action":"ai1wm_import","ai1wm_manual_import":"1","storage":"mnq6pr00wzxs","archive":"wettoninc.com-poteckpower-20200503-131502-iyfi98.wpress","file":"1","secret_key":"ciwduXqrWt1W","priority":"350"}

