2018-03-26T06:32:43+00:00 CRITICAL Call to undefined method Jetpack::maybe_set_version_option()

2018-03-26T06:59:13+00:00 CRITICAL Call to undefined function mazpage_setpostviews()

2018-03-26T06:59:20+00:00 CRITICAL Call to undefined function mazpage_setpostviews()

2018-03-26T07:00:05+00:00 CRITICAL Call to undefined function mazpage_setpostviews()

2018-03-26T07:01:34+00:00 CRITICAL Call to undefined function mazpage_setpostviews()

2018-03-28T06:15:34+00:00 CRITICAL Call to undefined function mazpage_get_theme_option()

2018-03-28T06:26:44+00:00 CRITICAL Call to undefined function mazpage_get_theme_option()

2018-03-28T06:26:46+00:00 CRITICAL Call to undefined function mazpage_get_theme_option()

2018-03-28T11:31:06+00:00 CRITICAL Call to undefined method WC_Cart::wc_get_cart_url()

2018-03-28T11:31:07+00:00 CRITICAL Call to undefined method WC_Cart::wc_get_cart_url()

2018-03-28T11:31:15+00:00 CRITICAL Call to undefined method WC_Cart::wc_get_cart_url()

2018-03-28T11:31:17+00:00 CRITICAL Call to undefined method WC_Cart::wc_get_cart_url()

2018-03-28T11:35:19+00:00 CRITICAL Call to undefined method WC_Cart::wc_get_cart_url()

2018-03-28T11:35:20+00:00 CRITICAL Call to undefined method WC_Cart::wc_get_cart_url()

2018-05-22T12:30:36+00:00 CRITICAL Call to undefined function mazpage_pagination()

2018-05-23T05:16:03+00:00 CRITICAL Call to undefined function mazpage_pagination()

2018-05-23T05:16:03+00:00 CRITICAL Call to undefined function mazpage_pagination()

2018-05-24T10:00:50+00:00 CRITICAL Call to undefined function mazpage_pagination()

2018-05-24T10:02:39+00:00 CRITICAL Call to undefined function mazpage_pagination()

2018-05-24T10:02:52+00:00 CRITICAL Call to undefined function mazpage_pagination()

2018-05-24T10:03:07+00:00 CRITICAL Call to undefined function mazpage_pagination()

2018-05-24T10:08:19+00:00 CRITICAL Call to undefined function mazpage_pagination()

2018-06-12T18:19:49+00:00 CRITICAL Call to undefined function mazpage_setpostviews()

2018-06-12T18:27:26+00:00 CRITICAL Call to undefined function mazpage_pagination()

2018-06-12T18:27:34+00:00 CRITICAL Call to undefined function mazpage_pagination()

2018-06-13T17:58:28+00:00 CRITICAL Call to undefined function mazpage_setpostviews()

2018-06-13T18:00:09+00:00 CRITICAL Call to undefined function mazpage_setpostviews()

2018-06-13T18:04:40+00:00 CRITICAL Call to undefined function mazpage_setpostviews()

2018-06-13T18:08:35+00:00 CRITICAL Call to undefined function phpthe_post_thumbnail_url()

2018-06-13T18:08:53+00:00 CRITICAL Call to undefined function phpthe_post_thumbnail_url()

2018-06-13T18:09:38+00:00 CRITICAL Call to undefined function phpthe_post_thumbnail_url()

2018-12-19T05:53:13+00:00 CRITICAL Call to undefined function mazpage_pagination()

2018-12-19T07:06:57+00:00 CRITICAL Call to undefined function mazpage_pagination()

2018-12-20T10:13:10+00:00 CRITICAL Call to undefined function mazpage_pagination()

2018-12-20T10:16:24+00:00 CRITICAL Call to undefined function mazpage_pagination()

2018-12-20T10:16:30+00:00 CRITICAL Call to undefined function mazpage_pagination()

2018-12-20T10:17:19+00:00 CRITICAL Call to undefined function mazpage_pagination()

2018-12-20T10:17:29+00:00 CRITICAL Call to undefined function mazpage_pagination()

2018-12-20T10:17:32+00:00 CRITICAL Call to undefined function mazpage_pagination()

2018-12-21T05:33:58+00:00 CRITICAL Call to undefined function mazpage_setpostviews()

2018-12-24T10:20:23+00:00 CRITICAL Call to undefined function mazpage_setpostviews()

2018-12-24T10:21:01+00:00 CRITICAL Call to undefined function mazpage_setpostviews()

2018-12-24T10:21:21+00:00 CRITICAL Call to undefined function mazpage_pagination()

2018-12-24T10:27:16+00:00 CRITICAL Call to undefined function mazpage_setpostviews()

2018-12-25T06:07:00+00:00 CRITICAL Call to undefined function mazpage_pagination()

2018-12-25T06:14:05+00:00 CRITICAL Call to undefined function mazpage_pagination()

